<?xml version="1.0" encoding="utf-8"?><testsuites name="pytest tests"><testsuite name="pytest" errors="0" failures="0" skipped="0" tests="3" time="1.180" timestamp="2026-08-29T17:37:54.662482+00:00" hostname="agent-env-0a692677-074a-4929-a56f-75b528c67259"><testcase classname="tests.test_backend" name="test_root" time="0.343" /><testcase classname="tests.test_backend" name="test_openapi" time="0.142" /><testcase classname="tests.test_backend" name="test_status_crud" time="0.378" /></testsuite></testsuites>